Determining if the pthread_create exist failed with the following output:
Change Dir: /home/vince/catkin_ws/src/imav_2017/plugins/build/CMakeFiles/CMakeTmp

Run Build Command:"/usr/bin/make" "cmTryCompileExec1295133643/fast"
/usr/bin/make -f CMakeFiles/cmTryCompileExec1295133643.dir/build.make CMakeFiles/cmTryCompileExec1295133643.dir/build
make[1]: Entering directory '/home/vince/catkin_ws/src/imav_2017/plugins/build/CMakeFiles/CMakeTmp'
/usr/bin/cmake -E cmake_progress_report /home/vince/catkin_ws/src/imav_2017/plugins/build/CMakeFiles/CMakeTmp/CMakeFiles 1
Building C object CMakeFiles/cmTryCompileExec1295133643.dir/CheckSymbolExists.c.o
/usr/bin/cc    -o CMakeFiles/cmTryCompileExec1295133643.dir/CheckSymbolExists.c.o   -c /home/vince/catkin_ws/src/imav_2017/plugins/build/CMakeFiles/CMakeTmp/CheckSymbolExists.c
Linking C executable cmTryCompileExec1295133643
/usr/bin/cmake -E cmake_link_script CMakeFiles/cmTryCompileExec1295133643.dir/link.txt --verbose=1
/usr/bin/cc       CMakeFiles/cmTryCompileExec1295133643.dir/CheckSymbolExists.c.o  -o cmTryCompileExec1295133643 -rdynamic 
CMakeFiles/cmTryCompileExec1295133643.dir/CheckSymbolExists.c.o: In function `main':
CheckSymbolExists.c:(.text+0x16): undefined reference to `pthread_create'
collect2: error: ld returned 1 exit status
CMakeFiles/cmTryCompileExec1295133643.dir/build.make:88: recipe for target 'cmTryCompileExec1295133643' failed
make[1]: Leaving directory '/home/vince/catkin_ws/src/imav_2017/plugins/build/CMakeFiles/CMakeTmp'
make[1]: *** [cmTryCompileExec1295133643] Error 1
Makefile:118: recipe for target 'cmTryCompileExec1295133643/fast' failed
make: *** [cmTryCompileExec1295133643/fast] Error 2

File /home/vince/catkin_ws/src/imav_2017/plugins/build/CMakeFiles/CMakeTmp/CheckSymbolExists.c:
/* */
#include <pthread.h>

int main(int argc, char** argv)
{
  (void)argv;
#ifndef pthread_create
  return ((int*)(&pthread_create))[argc];
#else
  (void)argc;
  return 0;
#endif
}

Determining if the function pthread_create exists in the pthreads failed with the following output:
Change Dir: /home/vince/catkin_ws/src/imav_2017/plugins/build/CMakeFiles/CMakeTmp

Run Build Command:"/usr/bin/make" "cmTryCompileExec108026743/fast"
/usr/bin/make -f CMakeFiles/cmTryCompileExec108026743.dir/build.make CMakeFiles/cmTryCompileExec108026743.dir/build
make[1]: Entering directory '/home/vince/catkin_ws/src/imav_2017/plugins/build/CMakeFiles/CMakeTmp'
/usr/bin/cmake -E cmake_progress_report /home/vince/catkin_ws/src/imav_2017/plugins/build/CMakeFiles/CMakeTmp/CMakeFiles 1
Building C object CMakeFiles/cmTryCompileExec108026743.dir/CheckFunctionExists.c.o
/usr/bin/cc   -DCHECK_FUNCTION_EXISTS=pthread_create   -o CMakeFiles/cmTryCompileExec108026743.dir/CheckFunctionExists.c.o   -c /usr/share/cmake-3.0/Modules/CheckFunctionExists.c
Linking C executable cmTryCompileExec108026743
/usr/bin/cmake -E cmake_link_script CMakeFiles/cmTryCompileExec108026743.dir/link.txt --verbose=1
/usr/bin/cc   -DCHECK_FUNCTION_EXISTS=pthread_create    CMakeFiles/cmTryCompileExec108026743.dir/CheckFunctionExists.c.o  -o cmTryCompileExec108026743 -rdynamic -lpthreads 
/usr/bin/ld: cannot find -lpthreads
collect2: error: ld returned 1 exit status
CMakeFiles/cmTryCompileExec108026743.dir/build.make:88: recipe for target 'cmTryCompileExec108026743' failed
make[1]: *** [cmTryCompileExec108026743] Error 1
make[1]: Leaving directory '/home/vince/catkin_ws/src/imav_2017/plugins/build/CMakeFiles/CMakeTmp'
Makefile:118: recipe for target 'cmTryCompileExec108026743/fast' failed
make: *** [cmTryCompileExec108026743/fast] Error 2


